<?xml version="1.0" encoding="UTF-8"?>
<persistence xmlns="http://java.sun.com/xml/ns/persistence" version="2.0">

    <persistence-unit name="persistence">
        <properties>
            <!-- Properties for Hibernate -->
            <property name="hibernate.hbm2ddl.auto" value="create-drop" />
            <property name="hibernate.show_sql" value="true" />
            <property name="hibernate.dialect" value="org.hibernate.dialect.HSQLDialect" />
        </properties>
    </persistence-unit>

</persistence>
